<?xml version="1.0" encoding="UTF-8"?>
<!-- Generated by org.testng.reporters.JUnitXMLReporter -->
<testsuite ignored="0" hostname="DESKTOP-5RN11MV" failures="1" tests="1" name="Test2" time="20.887" errors="0" timestamp="2023-01-14T12:00:46 IST">
  <testcase classname="WebAutomation.AddRemoveItemBasketTest" name="addRemoveItem" time="12.182">
    <failure type="java.lang.AssertionError" message="Cart Amount did not match the expected amount $45.24expected $26.13">
      <![CDATA[java.lang.AssertionError: Cart Amount did not match the expected amount $45.24expected $26.13
at WebAutomation.AddRemoveItemBasketTest.addRemoveItem(AddRemoveItemBasketTest.java:72)
at java.base/java.util.ArrayList.forEach(ArrayList.java:1511)
at java.base/java.util.concurrent.FutureTask.run(FutureTask.java:264)
at java.base/java.util.concurrent.ThreadPoolExecutor.runWorker(ThreadPoolExecutor.java:1136)
at java.base/java.util.concurrent.ThreadPoolExecutor$Worker.run(ThreadPoolExecutor.java:635)
at java.base/java.lang.Thread.run(Thread.java:833)
... Removed 19 stack frames]]>
    </failure>
  </testcase> <!-- addRemoveItem -->
</testsuite> <!-- Test2 -->
